<?xml version="1.0" encoding="UTF-8"?>
<!-- Generated by org.testng.reporters.JUnitReportReporter -->
<testsuite skipped="0" hostname="LAPTOP-77NHMUQP" name="getRequest.GetData1" tests="1" failures="0" timestamp="03 Aug 2021 05:45:25 GMT" time="8.966" errors="0">
  <testcase name="testResponseCode" time="8.966" classname="getRequest.GetData1"/>
</testsuite> <!-- getRequest.GetData1 -->
