<?xml version="1.0" encoding="UTF-8"?>
<!-- Generated by org.testng.reporters.JUnitReportReporter -->
<testsuite skipped="0" hostname="LAPTOP-77NHMUQP" name="getRequest.GetData" tests="2" failures="0" timestamp="03 Aug 2021 05:42:27 GMT" time="14.759" errors="0">
  <testcase name="testBody" time="7.023" classname="getRequest.GetData"/>
  <testcase name="testResponseCode" time="7.736" classname="getRequest.GetData"/>
</testsuite> <!-- getRequest.GetData -->
