<?xml version="1.0" encoding="UTF-8"?>
<!-- Generated by org.testng.reporters.JUnitReportReporter -->
<testsuite hostname="SYEDKHALEEL" name="TestCases.GetRequest" tests="2" failures="0" timestamp="18 Aug 2021 08:07:38 GMT" time="2.262" errors="0">
  <testcase name="testResponseCode" time="1.143" classname="TestCases.GetRequest"/>
  <testcase name="testBody" time="1.119" classname="TestCases.GetRequest"/>
</testsuite> <!-- TestCases.GetRequest -->
