<?xml version="1.0" encoding="UTF-8"?>
<!-- Generated by org.testng.reporters.JUnitReportReporter -->
<testsuite skipped="0" hostname="LAPTOP-77NHMUQP" name="PostRequest.PostRequest" tests="1" failures="0" timestamp="03 Aug 2021 08:10:20 GMT" time="1.443" errors="0">
  <testcase name="test" time="1.443" classname="PostRequest.PostRequest"/>
</testsuite> <!-- PostRequest.PostRequest -->
