<?xml version="1.0" encoding="UTF-8"?>
<!-- Generated by org.testng.reporters.JUnitReportReporter -->
<testsuite hostname="SYEDKHALEEL" name="TestCases.PostRequest" tests="1" failures="0" timestamp="19 Aug 2021 05:06:21 GMT" time="0.010" errors="0">
  <testcase name="test" time="0.010" classname="TestCases.PostRequest"/>
</testsuite> <!-- TestCases.PostRequest -->
